Initializing Wing Monitor Controller...
Using Config: IP=192.168.1.70, MockMode=true
[INFO] Running in MOCK MODE
node:events:502
      throw er; // Unhandled 'error' event
      ^

Error: listen EADDRINUSE: address already in use :::3001
    at Server.setupListenHandle [as _listen2] (node:net:1937:16)
    at listenInCluster (node:net:1994:12)
    at Server.listen (node:net:2099:7)
    at startServer (/home/ubuntu/wing-monitor-controller-web/dist/apps/api/apps/api/src/main.js:161:10)
Emitted 'error' event on WebSocketServer instance at:
    at Server.emit (node:events:524:28)
    at emitErrorNT (node:net:1973:8)
    at process.processTicksAndRejections (node:internal/process/task_queues:90:21) {
  code: 'EADDRINUSE',
  errno: -98,
  syscall: 'listen',
  address: '::',
  port: 3001
}

Node.js v22.13.0
